2022-08-26 16:41:44,565 INFO c.e.m.MySpringProjectApplication [restartedMain] Starting MySpringProjectApplication using Java 11.0.12 on DESKTOP-T9M7T57 with PID 248796 (C:\Users\Restop-2345\My_Notebook\cases\FinancialUpwardCase\SoftwareEngineer\projects\my_portfolio_v2\apps\zero\logging\mySpringProject\target\classes started by Restop-2345 in C:\Users\Restop-2345\My_Notebook\cases\FinancialUpwardCase\SoftwareEngineer\projects\my_portfolio_v2\apps\zero\logging\mySpringProject)
2022-08-26 16:41:44,602 DEBUG c.e.m.MySpringProjectApplication [restartedMain] Running with Spring Boot v2.5.4, Spring v5.3.9
2022-08-26 16:41:44,603 INFO c.e.m.MySpringProjectApplication [restartedMain] No active profile set, falling back to default profiles: default
2022-08-26 16:41:46,686 INFO c.e.m.MySpringProjectApplication [restartedMain] Started MySpringProjectApplication in 2.746 seconds (JVM running for 4.351)
2022-08-26 16:44:58,977 INFO c.e.m.MySpringProjectApplication [restartedMain] Starting MySpringProjectApplication using Java 11.0.12 on DESKTOP-T9M7T57 with PID 248796 (C:\Users\Restop-2345\My_Notebook\cases\FinancialUpwardCase\SoftwareEngineer\projects\my_portfolio_v2\apps\zero\logging\mySpringProject\target\classes started by Restop-2345 in C:\Users\Restop-2345\My_Notebook\cases\FinancialUpwardCase\SoftwareEngineer\projects\my_portfolio_v2\apps\zero\logging\mySpringProject)
2022-08-26 16:44:58,979 DEBUG c.e.m.MySpringProjectApplication [restartedMain] Running with Spring Boot v2.5.4, Spring v5.3.9
2022-08-26 16:44:58,980 INFO c.e.m.MySpringProjectApplication [restartedMain] No active profile set, falling back to default profiles: default
2022-08-26 16:44:59,432 INFO c.e.m.MySpringProjectApplication [restartedMain] Started MySpringProjectApplication in 0.571 seconds (JVM running for 197.097)
2022-08-26 16:45:04,537 INFO c.e.m.MySpringProjectApplication [restartedMain] Starting MySpringProjectApplication using Java 11.0.12 on DESKTOP-T9M7T57 with PID 248796 (C:\Users\Restop-2345\My_Notebook\cases\FinancialUpwardCase\SoftwareEngineer\projects\my_portfolio_v2\apps\zero\logging\mySpringProject\target\classes started by Restop-2345 in C:\Users\Restop-2345\My_Notebook\cases\FinancialUpwardCase\SoftwareEngineer\projects\my_portfolio_v2\apps\zero\logging\mySpringProject)
2022-08-26 16:45:04,538 DEBUG c.e.m.MySpringProjectApplication [restartedMain] Running with Spring Boot v2.5.4, Spring v5.3.9
2022-08-26 16:45:04,539 INFO c.e.m.MySpringProjectApplication [restartedMain] No active profile set, falling back to default profiles: default
2022-08-26 16:45:04,938 INFO c.e.m.MySpringProjectApplication [restartedMain] Started MySpringProjectApplication in 0.593 seconds (JVM running for 202.603)
2022-08-26 16:45:13,000 INFO c.e.m.MySpringProjectApplication [restartedMain] Starting MySpringProjectApplication using Java 11.0.12 on DESKTOP-T9M7T57 with PID 248796 (C:\Users\Restop-2345\My_Notebook\cases\FinancialUpwardCase\SoftwareEngineer\projects\my_portfolio_v2\apps\zero\logging\mySpringProject\target\classes started by Restop-2345 in C:\Users\Restop-2345\My_Notebook\cases\FinancialUpwardCase\SoftwareEngineer\projects\my_portfolio_v2\apps\zero\logging\mySpringProject)
2022-08-26 16:45:13,002 DEBUG c.e.m.MySpringProjectApplication [restartedMain] Running with Spring Boot v2.5.4, Spring v5.3.9
2022-08-26 16:45:13,003 INFO c.e.m.MySpringProjectApplication [restartedMain] No active profile set, falling back to default profiles: default
2022-08-26 16:45:13,357 INFO c.e.m.MySpringProjectApplication [restartedMain] Started MySpringProjectApplication in 0.474 seconds (JVM running for 211.022)
2022-08-26 16:45:17,396 INFO c.e.m.MySpringProjectApplication [restartedMain] Starting MySpringProjectApplication using Java 11.0.12 on DESKTOP-T9M7T57 with PID 248796 (C:\Users\Restop-2345\My_Notebook\cases\FinancialUpwardCase\SoftwareEngineer\projects\my_portfolio_v2\apps\zero\logging\mySpringProject\target\classes started by Restop-2345 in C:\Users\Restop-2345\My_Notebook\cases\FinancialUpwardCase\SoftwareEngineer\projects\my_portfolio_v2\apps\zero\logging\mySpringProject)
2022-08-26 16:45:17,398 DEBUG c.e.m.MySpringProjectApplication [restartedMain] Running with Spring Boot v2.5.4, Spring v5.3.9
2022-08-26 16:45:17,399 INFO c.e.m.MySpringProjectApplication [restartedMain] No active profile set, falling back to default profiles: default
2022-08-26 16:45:17,846 INFO c.e.m.MySpringProjectApplication [restartedMain] Started MySpringProjectApplication in 0.608 seconds (JVM running for 215.51)
2022-08-26 16:45:21,884 INFO c.e.m.MySpringProjectApplication [restartedMain] Starting MySpringProjectApplication using Java 11.0.12 on DESKTOP-T9M7T57 with PID 248796 (C:\Users\Restop-2345\My_Notebook\cases\FinancialUpwardCase\SoftwareEngineer\projects\my_portfolio_v2\apps\zero\logging\mySpringProject\target\classes started by Restop-2345 in C:\Users\Restop-2345\My_Notebook\cases\FinancialUpwardCase\SoftwareEngineer\projects\my_portfolio_v2\apps\zero\logging\mySpringProject)
2022-08-26 16:45:21,886 DEBUG c.e.m.MySpringProjectApplication [restartedMain] Running with Spring Boot v2.5.4, Spring v5.3.9
2022-08-26 16:45:21,886 INFO c.e.m.MySpringProjectApplication [restartedMain] No active profile set, falling back to default profiles: default
2022-08-26 16:45:22,228 INFO c.e.m.MySpringProjectApplication [restartedMain] Started MySpringProjectApplication in 0.459 seconds (JVM running for 219.892)
2022-08-26 16:45:29,280 INFO c.e.m.MySpringProjectApplication [restartedMain] Starting MySpringProjectApplication using Java 11.0.12 on DESKTOP-T9M7T57 with PID 248796 (C:\Users\Restop-2345\My_Notebook\cases\FinancialUpwardCase\SoftwareEngineer\projects\my_portfolio_v2\apps\zero\logging\mySpringProject\target\classes started by Restop-2345 in C:\Users\Restop-2345\My_Notebook\cases\FinancialUpwardCase\SoftwareEngineer\projects\my_portfolio_v2\apps\zero\logging\mySpringProject)
2022-08-26 16:45:29,282 DEBUG c.e.m.MySpringProjectApplication [restartedMain] Running with Spring Boot v2.5.4, Spring v5.3.9
2022-08-26 16:45:29,283 INFO c.e.m.MySpringProjectApplication [restartedMain] No active profile set, falling back to default profiles: default
2022-08-26 16:45:29,544 INFO c.e.m.MySpringProjectApplication [restartedMain] Started MySpringProjectApplication in 0.376 seconds (JVM running for 227.209)
2022-08-26 16:45:33,600 INFO c.e.m.MySpringProjectApplication [restartedMain] Starting MySpringProjectApplication using Java 11.0.12 on DESKTOP-T9M7T57 with PID 248796 (C:\Users\Restop-2345\My_Notebook\cases\FinancialUpwardCase\SoftwareEngineer\projects\my_portfolio_v2\apps\zero\logging\mySpringProject\target\classes started by Restop-2345 in C:\Users\Restop-2345\My_Notebook\cases\FinancialUpwardCase\SoftwareEngineer\projects\my_portfolio_v2\apps\zero\logging\mySpringProject)
2022-08-26 16:45:33,602 DEBUG c.e.m.MySpringProjectApplication [restartedMain] Running with Spring Boot v2.5.4, Spring v5.3.9
2022-08-26 16:45:33,602 INFO c.e.m.MySpringProjectApplication [restartedMain] No active profile set, falling back to default profiles: default
2022-08-26 16:45:34,016 INFO c.e.m.MySpringProjectApplication [restartedMain] Started MySpringProjectApplication in 0.518 seconds (JVM running for 231.68)
2022-08-26 16:45:37,977 INFO c.e.m.MySpringProjectApplication [restartedMain] Starting MySpringProjectApplication using Java 11.0.12 on DESKTOP-T9M7T57 with PID 248796 (C:\Users\Restop-2345\My_Notebook\cases\FinancialUpwardCase\SoftwareEngineer\projects\my_portfolio_v2\apps\zero\logging\mySpringProject\target\classes started by Restop-2345 in C:\Users\Restop-2345\My_Notebook\cases\FinancialUpwardCase\SoftwareEngineer\projects\my_portfolio_v2\apps\zero\logging\mySpringProject)
2022-08-26 16:45:37,979 DEBUG c.e.m.MySpringProjectApplication [restartedMain] Running with Spring Boot v2.5.4, Spring v5.3.9
2022-08-26 16:45:37,980 INFO c.e.m.MySpringProjectApplication [restartedMain] No active profile set, falling back to default profiles: default
2022-08-26 16:45:38,376 INFO c.e.m.MySpringProjectApplication [restartedMain] Started MySpringProjectApplication in 0.495 seconds (JVM running for 236.04)
2022-08-26 16:50:18,705 INFO c.e.m.MySpringProjectApplication [restartedMain] Starting MySpringProjectApplication using Java 11.0.12 on DESKTOP-T9M7T57 with PID 248796 (C:\Users\Restop-2345\My_Notebook\cases\FinancialUpwardCase\SoftwareEngineer\projects\my_portfolio_v2\apps\zero\logging\mySpringProject\target\classes started by Restop-2345 in C:\Users\Restop-2345\My_Notebook\cases\FinancialUpwardCase\SoftwareEngineer\projects\my_portfolio_v2\apps\zero\logging\mySpringProject)
2022-08-26 16:50:18,707 DEBUG c.e.m.MySpringProjectApplication [restartedMain] Running with Spring Boot v2.5.4, Spring v5.3.9
2022-08-26 16:50:18,708 INFO c.e.m.MySpringProjectApplication [restartedMain] No active profile set, falling back to default profiles: default
2022-08-26 16:50:19,074 INFO c.e.m.MySpringProjectApplication [restartedMain] Started MySpringProjectApplication in 0.477 seconds (JVM running for 516.739)
2022-08-26 16:50:23,460 INFO c.e.m.MySpringProjectApplication [restartedMain] Starting MySpringProjectApplication using Java 11.0.12 on DESKTOP-T9M7T57 with PID 248796 (C:\Users\Restop-2345\My_Notebook\cases\FinancialUpwardCase\SoftwareEngineer\projects\my_portfolio_v2\apps\zero\logging\mySpringProject\target\classes started by Restop-2345 in C:\Users\Restop-2345\My_Notebook\cases\FinancialUpwardCase\SoftwareEngineer\projects\my_portfolio_v2\apps\zero\logging\mySpringProject)
2022-08-26 16:50:23,462 DEBUG c.e.m.MySpringProjectApplication [restartedMain] Running with Spring Boot v2.5.4, Spring v5.3.9
2022-08-26 16:50:23,462 INFO c.e.m.MySpringProjectApplication [restartedMain] No active profile set, falling back to default profiles: default
2022-08-26 16:50:23,906 INFO c.e.m.MySpringProjectApplication [restartedMain] Started MySpringProjectApplication in 0.55 seconds (JVM running for 521.57)
2022-08-26 16:50:27,934 INFO c.e.m.MySpringProjectApplication [restartedMain] Starting MySpringProjectApplication using Java 11.0.12 on DESKTOP-T9M7T57 with PID 248796 (C:\Users\Restop-2345\My_Notebook\cases\FinancialUpwardCase\SoftwareEngineer\projects\my_portfolio_v2\apps\zero\logging\mySpringProject\target\classes started by Restop-2345 in C:\Users\Restop-2345\My_Notebook\cases\FinancialUpwardCase\SoftwareEngineer\projects\my_portfolio_v2\apps\zero\logging\mySpringProject)
2022-08-26 16:50:27,936 DEBUG c.e.m.MySpringProjectApplication [restartedMain] Running with Spring Boot v2.5.4, Spring v5.3.9
2022-08-26 16:50:27,936 INFO c.e.m.MySpringProjectApplication [restartedMain] No active profile set, falling back to default profiles: default
2022-08-26 16:50:28,277 INFO c.e.m.MySpringProjectApplication [restartedMain] Started MySpringProjectApplication in 0.435 seconds (JVM running for 525.941)
2022-08-26 16:50:52,794 INFO c.e.m.MySpringProjectApplication [restartedMain] Starting MySpringProjectApplication using Java 11.0.12 on DESKTOP-T9M7T57 with PID 248796 (C:\Users\Restop-2345\My_Notebook\cases\FinancialUpwardCase\SoftwareEngineer\projects\my_portfolio_v2\apps\zero\logging\mySpringProject\target\classes started by Restop-2345 in C:\Users\Restop-2345\My_Notebook\cases\FinancialUpwardCase\SoftwareEngineer\projects\my_portfolio_v2\apps\zero\logging\mySpringProject)
2022-08-26 16:50:52,796 DEBUG c.e.m.MySpringProjectApplication [restartedMain] Running with Spring Boot v2.5.4, Spring v5.3.9
2022-08-26 16:50:52,796 INFO c.e.m.MySpringProjectApplication [restartedMain] No active profile set, falling back to default profiles: default
2022-08-26 16:50:53,117 INFO c.e.m.MySpringProjectApplication [restartedMain] Started MySpringProjectApplication in 0.431 seconds (JVM running for 550.782)
2022-08-26 17:55:16,280 DEBUG c.e.m.c.HelloController [http-nio-4000-exec-1] Email contact: michaelodumosu57@gmail.com
2022-08-26 18:15:38,725 DEBUG c.e.m.c.HelloController [http-nio-4000-exec-4] Email contact: null
2022-08-26 18:39:20,004 INFO c.e.m.MySpringProjectApplication [restartedMain] Starting MySpringProjectApplication using Java 11.0.12 on DESKTOP-T9M7T57 with PID 248796 (C:\Users\Restop-2345\My_Notebook\cases\FinancialUpwardCase\SoftwareEngineer\projects\my_portfolio_v2\apps\zero\logging\mySpringProject\target\classes started by Restop-2345 in C:\Users\Restop-2345\My_Notebook\cases\FinancialUpwardCase\SoftwareEngineer\projects\my_portfolio_v2\apps\zero\logging\mySpringProject)
2022-08-26 18:39:20,006 DEBUG c.e.m.MySpringProjectApplication [restartedMain] Running with Spring Boot v2.5.4, Spring v5.3.9
2022-08-26 18:39:20,007 INFO c.e.m.MySpringProjectApplication [restartedMain] No active profile set, falling back to default profiles: default
2022-08-26 18:39:29,156 INFO c.e.m.MySpringProjectApplication [restartedMain] Starting MySpringProjectApplication using Java 11.0.12 on DESKTOP-T9M7T57 with PID 248796 (C:\Users\Restop-2345\My_Notebook\cases\FinancialUpwardCase\SoftwareEngineer\projects\my_portfolio_v2\apps\zero\logging\mySpringProject\target\classes started by Restop-2345 in C:\Users\Restop-2345\My_Notebook\cases\FinancialUpwardCase\SoftwareEngineer\projects\my_portfolio_v2\apps\zero\logging\mySpringProject)
2022-08-26 18:39:29,158 DEBUG c.e.m.MySpringProjectApplication [restartedMain] Running with Spring Boot v2.5.4, Spring v5.3.9
2022-08-26 18:39:29,159 INFO c.e.m.MySpringProjectApplication [restartedMain] No active profile set, falling back to default profiles: default
2022-08-26 18:39:31,920 INFO c.e.m.MySpringProjectApplication [restartedMain] Starting MySpringProjectApplication using Java 11.0.12 on DESKTOP-T9M7T57 with PID 248796 (C:\Users\Restop-2345\My_Notebook\cases\FinancialUpwardCase\SoftwareEngineer\projects\my_portfolio_v2\apps\zero\logging\mySpringProject\target\classes started by Restop-2345 in C:\Users\Restop-2345\My_Notebook\cases\FinancialUpwardCase\SoftwareEngineer\projects\my_portfolio_v2\apps\zero\logging\mySpringProject)
2022-08-26 18:39:31,922 DEBUG c.e.m.MySpringProjectApplication [restartedMain] Running with Spring Boot v2.5.4, Spring v5.3.9
2022-08-26 18:39:31,923 INFO c.e.m.MySpringProjectApplication [restartedMain] No active profile set, falling back to default profiles: default
2022-08-26 18:39:38,050 INFO c.e.m.MySpringProjectApplication [restartedMain] Starting MySpringProjectApplication using Java 11.0.12 on DESKTOP-T9M7T57 with PID 248796 (C:\Users\Restop-2345\My_Notebook\cases\FinancialUpwardCase\SoftwareEngineer\projects\my_portfolio_v2\apps\zero\logging\mySpringProject\target\classes started by Restop-2345 in C:\Users\Restop-2345\My_Notebook\cases\FinancialUpwardCase\SoftwareEngineer\projects\my_portfolio_v2\apps\zero\logging\mySpringProject)
2022-08-26 18:39:38,052 DEBUG c.e.m.MySpringProjectApplication [restartedMain] Running with Spring Boot v2.5.4, Spring v5.3.9
2022-08-26 18:39:38,053 INFO c.e.m.MySpringProjectApplication [restartedMain] No active profile set, falling back to default profiles: default
2022-08-26 18:39:39,916 INFO c.e.m.MySpringProjectApplication [restartedMain] Starting MySpringProjectApplication using Java 11.0.12 on DESKTOP-T9M7T57 with PID 248796 (C:\Users\Restop-2345\My_Notebook\cases\FinancialUpwardCase\SoftwareEngineer\projects\my_portfolio_v2\apps\zero\logging\mySpringProject\target\classes started by Restop-2345 in C:\Users\Restop-2345\My_Notebook\cases\FinancialUpwardCase\SoftwareEngineer\projects\my_portfolio_v2\apps\zero\logging\mySpringProject)
2022-08-26 18:39:39,918 DEBUG c.e.m.MySpringProjectApplication [restartedMain] Running with Spring Boot v2.5.4, Spring v5.3.9
2022-08-26 18:39:39,918 INFO c.e.m.MySpringProjectApplication [restartedMain] No active profile set, falling back to default profiles: default
2022-08-26 18:39:44,739 INFO c.e.m.MySpringProjectApplication [restartedMain] Starting MySpringProjectApplication using Java 11.0.12 on DESKTOP-T9M7T57 with PID 248796 (C:\Users\Restop-2345\My_Notebook\cases\FinancialUpwardCase\SoftwareEngineer\projects\my_portfolio_v2\apps\zero\logging\mySpringProject\target\classes started by Restop-2345 in C:\Users\Restop-2345\My_Notebook\cases\FinancialUpwardCase\SoftwareEngineer\projects\my_portfolio_v2\apps\zero\logging\mySpringProject)
2022-08-26 18:39:44,741 DEBUG c.e.m.MySpringProjectApplication [restartedMain] Running with Spring Boot v2.5.4, Spring v5.3.9
2022-08-26 18:39:44,742 INFO c.e.m.MySpringProjectApplication [restartedMain] No active profile set, falling back to default profiles: default
2022-08-26 18:39:44,993 INFO c.e.m.MySpringProjectApplication [restartedMain] Started MySpringProjectApplication in 0.353 seconds (JVM running for 7113.258)
2022-08-26 18:41:16,461 INFO c.e.m.MySpringProjectApplication [restartedMain] Starting MySpringProjectApplication using Java 11.0.12 on DESKTOP-T9M7T57 with PID 248796 (C:\Users\Restop-2345\My_Notebook\cases\FinancialUpwardCase\SoftwareEngineer\projects\my_portfolio_v2\apps\zero\logging\mySpringProject\target\classes started by Restop-2345 in C:\Users\Restop-2345\My_Notebook\cases\FinancialUpwardCase\SoftwareEngineer\projects\my_portfolio_v2\apps\zero\logging\mySpringProject)
2022-08-26 18:41:16,463 DEBUG c.e.m.MySpringProjectApplication [restartedMain] Running with Spring Boot v2.5.4, Spring v5.3.9
2022-08-26 18:41:16,464 INFO c.e.m.MySpringProjectApplication [restartedMain] No active profile set, falling back to default profiles: default
2022-08-26 18:41:22,409 INFO c.e.m.MySpringProjectApplication [restartedMain] Starting MySpringProjectApplication using Java 11.0.12 on DESKTOP-T9M7T57 with PID 248796 (C:\Users\Restop-2345\My_Notebook\cases\FinancialUpwardCase\SoftwareEngineer\projects\my_portfolio_v2\apps\zero\logging\mySpringProject\target\classes started by Restop-2345 in C:\Users\Restop-2345\My_Notebook\cases\FinancialUpwardCase\SoftwareEngineer\projects\my_portfolio_v2\apps\zero\logging\mySpringProject)
2022-08-26 18:41:22,411 DEBUG c.e.m.MySpringProjectApplication [restartedMain] Running with Spring Boot v2.5.4, Spring v5.3.9
2022-08-26 18:41:22,411 INFO c.e.m.MySpringProjectApplication [restartedMain] No active profile set, falling back to default profiles: default
2022-08-26 18:41:22,725 INFO c.e.m.MySpringProjectApplication [restartedMain] Started MySpringProjectApplication in 0.4 seconds (JVM running for 7210.989)
2022-08-26 18:41:30,079 INFO c.e.m.MySpringProjectApplication [restartedMain] Starting MySpringProjectApplication using Java 11.0.12 on DESKTOP-T9M7T57 with PID 248796 (C:\Users\Restop-2345\My_Notebook\cases\FinancialUpwardCase\SoftwareEngineer\projects\my_portfolio_v2\apps\zero\logging\mySpringProject\target\classes started by Restop-2345 in C:\Users\Restop-2345\My_Notebook\cases\FinancialUpwardCase\SoftwareEngineer\projects\my_portfolio_v2\apps\zero\logging\mySpringProject)
2022-08-26 18:41:30,080 DEBUG c.e.m.MySpringProjectApplication [restartedMain] Running with Spring Boot v2.5.4, Spring v5.3.9
2022-08-26 18:41:30,080 INFO c.e.m.MySpringProjectApplication [restartedMain] No active profile set, falling back to default profiles: default
2022-08-26 18:41:30,456 INFO c.e.m.MySpringProjectApplication [restartedMain] Started MySpringProjectApplication in 0.463 seconds (JVM running for 7218.72)
2022-08-26 18:41:37,505 INFO c.e.m.MySpringProjectApplication [restartedMain] Starting MySpringProjectApplication using Java 11.0.12 on DESKTOP-T9M7T57 with PID 248796 (C:\Users\Restop-2345\My_Notebook\cases\FinancialUpwardCase\SoftwareEngineer\projects\my_portfolio_v2\apps\zero\logging\mySpringProject\target\classes started by Restop-2345 in C:\Users\Restop-2345\My_Notebook\cases\FinancialUpwardCase\SoftwareEngineer\projects\my_portfolio_v2\apps\zero\logging\mySpringProject)
2022-08-26 18:41:37,507 DEBUG c.e.m.MySpringProjectApplication [restartedMain] Running with Spring Boot v2.5.4, Spring v5.3.9
2022-08-26 18:41:37,508 INFO c.e.m.MySpringProjectApplication [restartedMain] No active profile set, falling back to default profiles: default
2022-08-26 18:41:37,744 INFO c.e.m.MySpringProjectApplication [restartedMain] Started MySpringProjectApplication in 0.329 seconds (JVM running for 7226.008)
2022-08-26 18:42:15,368 DEBUG c.e.m.c.HelloController [http-nio-4000-exec-6] Email contact: null
2022-08-26 18:51:33,384 DEBUG c.e.m.c.HelloController [http-nio-4000-exec-5] Email contact: michaelodumosu57@gmail.com
2022-08-26 18:52:07,629 DEBUG c.e.m.c.HelloController [http-nio-4000-exec-7] Email contact: joefishey@gmail.com
